Build started 02.06.2017 15:56:25.
     1>Project "C:\Users\Dront\Desktop\calculator\indz\indz.vcxproj" on node 2 (build target(s)).
     1>InitializeBuildStatus:
         Touching "Debug\indz.unsuccessfulbuild".
       GenerateTargetFrameworkMonikerAttribute:
       Skipping target "GenerateTargetFrameworkMonikerAttribute" because all output files are up-to-date with respect to the input files.
       ClCompile:
         All outputs are up-to-date.
         C:\Program Files (x86)\Microsoft Visual Studio 10.0\VC\bin\CL.exe /c /AI"C:\Program Files (x86)\Reference Assemblies\Microsoft\Framework\.NETFramework\v4.0" /Zi /clr:pure /nologo /W3 /WX- /Od /Oy- /D WIN32 /D _DEBUG /D _UNICODE /D UNICODE /EHa /MDd /GS /fp:precise /Zc:wchar_t /Zc:forScope /Yu"StdAfx.h" /Fp"Debug\indz.pch" /Fo"Debug\\" /Fd"Debug\vc100.pdb" /TP /FU"C:\Program Files (x86)\Reference Assemblies\Microsoft\Framework\.NETFramework\v4.0\System.Core.dll" /FU"C:\Program Files (x86)\Reference Assemblies\Microsoft\Framework\.NETFramework\v4.0\System.Data.dll" /FU"C:\Program Files (x86)\Reference Assemblies\Microsoft\Framework\.NETFramework\v4.0\System.dll" /FU"C:\Program Files (x86)\Reference Assemblies\Microsoft\Framework\.NETFramework\v4.0\System.Drawing.dll" /FU"C:\Program Files (x86)\Reference Assemblies\Microsoft\Framework\.NETFramework\v4.0\System.Windows.Forms.dll" /FU"C:\Program Files (x86)\Reference Assemblies\Microsoft\Framework\.NETFramework\v4.0\System.Xml.dll" /analyze- /errorReport:prompt indz.cpp /clr:nostdlib 
         indz.cpp
     1>c:\users\dront\desktop\calculator\indz\Form1.h(548): warning C4101: 'e' : unreferenced local variable
     1>c:\users\dront\desktop\calculator\indz\Form1.h(585): warning C4101: 'e' : unreferenced local variable
     1>c:\users\dront\desktop\calculator\indz\Form1.h(597): warning C4101: 'e' : unreferenced local variable
     1>c:\users\dront\desktop\calculator\indz\Form1.h(609): warning C4101: 'e' : unreferenced local variable
     1>c:\users\dront\desktop\calculator\indz\Form1.h(621): warning C4101: 'e' : unreferenced local variable
     1>c:\users\dront\desktop\calculator\indz\Form1.h(633): warning C4101: 'e' : unreferenced local variable
     1>c:\users\dront\desktop\calculator\indz\Form1.h(646): warning C4101: 'e' : unreferenced local variable
     1>c:\users\dront\desktop\calculator\indz\Form1.h(660): warning C4101: 'e' : unreferenced local variable
     1>c:\users\dront\desktop\calculator\indz\Form1.h(672): warning C4101: 'e' : unreferenced local variable
     1>c:\users\dront\desktop\calculator\indz\Form1.h(700): warning C4101: 'e' : unreferenced local variable
         All outputs are up-to-date.
       CoreResGen:
         No resources are out of date with respect to their source files. Skipping resource generation.
       ResourceCompile:
         C:\Program Files (x86)\Microsoft SDKs\Windows\v7.0A\bin\rc.exe /D _UNICODE /D UNICODE /l"0x0409" /nologo /fo"Debug\app.res" app.rc 
       Link:
         C:\Program Files (x86)\Microsoft Visual Studio 10.0\VC\bin\link.exe /ERRORREPORT:PROMPT /OUT:"C:\Users\Dront\Desktop\calculator\Debug\indz.exe" /INCREMENTAL /NOLOGO /ASSEMBLYRESOURCE:Debug\indz.Form1.resources /MANIFEST /ManifestFile:"Debug\indz.exe.intermediate.manifest" /MANIFESTUAC:"level='asInvoker' uiAccess='false'" /DEBUG /PDB:"C:\Users\Dront\Desktop\calculator\Debug\indz.pdb" /ASSEMBLYDEBUG /SUBSYSTEM:WINDOWS /TLBID:1 /ENTRY:"main" /DYNAMICBASE /FIXED:NO /NXCOMPAT /MACHINE:X86 Debug\app.res
         Debug\AssemblyInfo.obj
         Debug\indz.obj
         Debug\stdafx.obj
         "Debug\.NETFramework,Version=v4.0.AssemblyAttributes.obj"
         indz.vcxproj -> C:\Users\Dront\Desktop\calculator\Debug\indz.exe
       Manifest:
         C:\Program Files (x86)\Microsoft SDKs\Windows\v7.0A\bin\mt.exe /nologo /verbose /outputresource:"C:\Users\Dront\Desktop\calculator\Debug\indz.exe;#1" /manifest Debug\indz.exe.intermediate.manifest
       FinalizeBuildStatus:
         Deleting file "Debug\indz.unsuccessfulbuild".
         Touching "Debug\indz.lastbuildstate".
     1>Done Building Project "C:\Users\Dront\Desktop\calculator\indz\indz.vcxproj" (build target(s)).

Build succeeded.

Time Elapsed 00:00:03.12
